<?xml version="1.0" encoding="UTF-8"?>
<!-- Generated by org.testng.reporters.JUnitReportReporter -->
<testsuite hostname="DESKTOP-CORP1B4" failures="0" tests="1" name="tim24.projekat.uberapp.controller.UberappApplicationTests" time="0.006" errors="0" timestamp="07 Feb 2023 00:57:13 GMT" skipped="0">
  <testcase classname="tim24.projekat.uberapp.controller.UberappApplicationTests" name="contextLoads" time="0.006"/>
</testsuite> <!-- tim24.projekat.uberapp.controller.UberappApplicationTests -->
